Environment variables:
  - =::=::\
  - =D:=D:\virtualenvs\ayni-sonarqube
  - ALLUSERSPROFILE=C:\ProgramData
  - APPDATA=C:\Users\greg\AppData\Roaming
  - AyniWebSite=D:\ayni\ayni\Src\Ayni.WebSite\
  - CLASSPATH=D:\Tesis2016\Jarvis\Lincoln\Models\;
  - COMPUTERNAME=DESKTOP-BUR0AMK
  - ChocolateyInstall=C:\ProgramData\chocolatey
  - ChocolateyLastPathUpdate=Sun Jul  9 20:12:19 2017
  - ComSpec=C:\WINDOWS\system32\cmd.exe
  - CommonProgramFiles=C:\Program Files\Common Files
  - CommonProgramFiles(x86)=C:\Program Files (x86)\Common Files
  - CommonProgramW6432=C:\Program Files\Common Files
  - ERROR_CODE=0
  - FPS_BROWSER_APP_PROFILE_STRING=Internet Explorer
  - FPS_BROWSER_USER_PROFILE_STRING=Default
  - FSHARPINSTALLDIR=C:\Program Files (x86)\Microsoft SDKs\F#\4.1\Framework\v4.0\
  - GTK_BASEPATH=C:\Program Files (x86)\GtkSharp\2.12\
  - HOMEDRIVE=C:
  - HOMEPATH=\Users\greg
  - JAVA_EXEC="D:\virtualenvs\ayni-sonarqube\sonar-scanner-3.0.3.778-windows\bin\..\jre\bin\java.exe"
  - JAVA_HOME=D:\virtualenvs\ayni-sonarqube\sonar-scanner-3.0.3.778-windows\bin\..\jre
  - LOCALAPPDATA=C:\Users\greg\AppData\Local
  - LOGONSERVER=\\DESKTOP-BUR0AMK
  - MSMPI_BIN=C:\Program Files\Microsoft MPI\Bin\
  - MYSQLCONNECTOR_ASSEMBLIESPATH=C:\Program Files (x86)\MySQL\Connector.NET 6.9\Assemblies\v4.5
  - NUMBER_OF_PROCESSORS=8
  - OS=Windows_NT
  - OneDrive=C:\Users\greg\OneDrive
  - PATHEXT=.COM;.EXE;.BAT;.CMD;.VBS;.VBE;.JS;.JSE;.WSF;.WSH;.MSC;.CPL
  - PROCESSOR_ARCHITECTURE=AMD64
  - PROCESSOR_IDENTIFIER=Intel64 Family 6 Model 60 Stepping 3, GenuineIntel
  - PROCESSOR_LEVEL=6
  - PROCESSOR_REVISION=3c03
  - PROJECT_HOME=D:\virtualenvs\ayni-sonarqube
  - PROMPT=$P$G
  - PSModulePath=C:\Users\greg\Documents\WindowsPowerShell\Modules;C:\Program Files\WindowsPowerShell\Modules;C:\WINDOWS\system32\WindowsPowerShell\v1.0\Modules;C:\Program Files (x86)\Microsoft SQL Server\130\Tools\PowerShell\Modules\;C:\Program Files\WindowsPowerShell\Modules\;C:\Program Files (x86)\Microsoft SDKs\Azure\PowerShell\ResourceManager\AzureResourceManager\;C:\Program Files (x86)\Microsoft SDKs\Azure\PowerShell\ServiceManagement\;C:\Program Files (x86)\Microsoft SDKs\Azure\PowerShell\Storage\
  - PUBLIC=C:\Users\Public
  - PYTHON=D:\Python36
  - Path=C:\Program Files\Microsoft MPI\Bin\;C:\ProgramData\Oracle\Java\javapath;C:\Windows\system32;C:\Windows;C:\Windows\System32\Wbem;C:\Windows\System32\WindowsPowerShell\v1.0\;C:\Users\greg\.dnx\bin;C:\Program Files\Microsoft DNX\Dnvm\;C:\Program Files\Microsoft SQL Server\130\Tools\Binn\;C:\Program Files (x86)\Microsoft SQL Server\Client SDK\ODBC\130\Tools\Binn\;C:\Program Files (x86)\Microsoft SQL Server\130\Tools\Binn\;C:\Program Files (x86)\Microsoft SQL Server\130\DTS\Binn\;C:\Program Files (x86)\Microsoft SQL Server\130\Tools\Binn\ManagementStudio\;C:\WINDOWS\system32;C:\WINDOWS;C:\WINDOWS\System32\Wbem;C:\WINDOWS\System32\WindowsPowerShell\v1.0\;D:\python36\;C:\Program Files (x86)\NVIDIA Corporation\PhysX\Common;C:\Program Files\dotnet\;C:\Program Files\Git\cmd;C:\Program Files (x86)\GtkSharp\2.12\bin;C:\Program Files\MySQL\MySQL Utilities 1.6\;C:\ProgramData\chocolatey\bin;C:\Program Files\nodejs\;C:\Program Files (x86)\Yarn\bin;C:\Program Files\Graphviz2.38\bin;D:\Python36\Scripts\;D:\Python36\;C:\Users\greg\AppData\Local\Microsoft\WindowsApps;;C:\Program Files (x86)\Microsoft VS Code\bin;C:\Users\greg\AppData\Roaming\npm;C:\Users\greg\AppData\Local\Yarn\bin
  - ProgramData=C:\ProgramData
  - ProgramFiles=C:\Program Files
  - ProgramFiles(x86)=C:\Program Files (x86)
  - ProgramW6432=C:\Program Files
  - SESSIONNAME=Console
  - SONAR_SCANNER_HOME=D:\virtualenvs\ayni-sonarqube\sonar-scanner-3.0.3.778-windows\bin\..
  - SystemDrive=C:
  - SystemRoot=C:\WINDOWS
  - TEMP=C:\Users\greg\AppData\Local\Temp
  - TMP=C:\Users\greg\AppData\Local\Temp
  - USERDOMAIN=DESKTOP-BUR0AMK
  - USERDOMAIN_ROAMINGPROFILE=DESKTOP-BUR0AMK
  - USERNAME=greg
  - USERPROFILE=C:\Users\greg
  - VS140COMNTOOLS=C:\Program Files (x86)\Microsoft Visual Studio 14.0\Common7\Tools\
  - VS150COMCOMNTOOLS=D:\VisualStudio\Common7\Tools\
  - scriptdir=D:\virtualenvs\ayni-sonarqube\sonar-scanner-3.0.3.778-windows\bin
  - use_embedded_jre=true
  - windir=C:\WINDOWS
System properties:
  - awt.toolkit=sun.awt.windows.WToolkit
  - file.encoding=Cp1252
  - file.encoding.pkg=sun.io
  - file.separator=\
  - java.awt.graphicsenv=sun.awt.Win32GraphicsEnvironment
  - java.awt.headless=true
  - java.awt.printerjob=sun.awt.windows.WPrinterJob
  - java.class.path=D:\virtualenvs\ayni-sonarqube\sonar-scanner-3.0.3.778-windows\bin\..\lib\sonar-scanner-cli-3.0.3.778.jar
  - java.class.version=52.0
  - java.endorsed.dirs=D:\virtualenvs\ayni-sonarqube\sonar-scanner-3.0.3.778-windows\jre\lib\endorsed
  - java.ext.dirs=D:\virtualenvs\ayni-sonarqube\sonar-scanner-3.0.3.778-windows\jre\lib\ext;C:\WINDOWS\Sun\Java\lib\ext
  - java.home=D:\virtualenvs\ayni-sonarqube\sonar-scanner-3.0.3.778-windows\jre
  - java.io.tmpdir=C:\Users\greg\AppData\Local\Temp\
  - java.library.path=D:\virtualenvs\ayni-sonarqube\sonar-scanner-3.0.3.778-windows\jre\bin;C:\WINDOWS\Sun\Java\bin;C:\WINDOWS\system32;C:\WINDOWS;C:\Program Files\Microsoft MPI\Bin\;C:\ProgramData\Oracle\Java\javapath;C:\Windows\system32;C:\Windows;C:\Windows\System32\Wbem;C:\Windows\System32\WindowsPowerShell\v1.0\;C:\Users\greg\.dnx\bin;C:\Program Files\Microsoft DNX\Dnvm\;C:\Program Files\Microsoft SQL Server\130\Tools\Binn\;C:\Program Files (x86)\Microsoft SQL Server\Client SDK\ODBC\130\Tools\Binn\;C:\Program Files (x86)\Microsoft SQL Server\130\Tools\Binn\;C:\Program Files (x86)\Microsoft SQL Server\130\DTS\Binn\;C:\Program Files (x86)\Microsoft SQL Server\130\Tools\Binn\ManagementStudio\;C:\WINDOWS\system32;C:\WINDOWS;C:\WINDOWS\System32\Wbem;C:\WINDOWS\System32\WindowsPowerShell\v1.0\;D:\python36\;C:\Program Files (x86)\NVIDIA Corporation\PhysX\Common;C:\Program Files\dotnet\;C:\Program Files\Git\cmd;C:\Program Files (x86)\GtkSharp\2.12\bin;C:\Program Files\MySQL\MySQL Utilities 1.6\;C:\ProgramData\chocolatey\bin;C:\Program Files\nodejs\;C:\Program Files (x86)\Yarn\bin;C:\Program Files\Graphviz2.38\bin;D:\Python36\Scripts\;D:\Python36\;C:\Users\greg\AppData\Local\Microsoft\WindowsApps;;C:\Program Files (x86)\Microsoft VS Code\bin;C:\Users\greg\AppData\Roaming\npm;C:\Users\greg\AppData\Local\Yarn\bin;.
  - java.runtime.name=Java(TM) SE Runtime Environment
  - java.runtime.version=1.8.0_121-b13
  - java.specification.name=Java Platform API Specification
  - java.specification.vendor=Oracle Corporation
  - java.specification.version=1.8
  - java.vendor=Oracle Corporation
  - java.vendor.url=http://java.oracle.com/
  - java.vendor.url.bug=http://bugreport.sun.com/bugreport/
  - java.version=1.8.0_121
  - java.vm.info=mixed mode
  - java.vm.name=Java HotSpot(TM) 64-Bit Server VM
  - java.vm.specification.name=Java Virtual Machine Specification
  - java.vm.specification.vendor=Oracle Corporation
  - java.vm.specification.version=1.8
  - java.vm.vendor=Oracle Corporation
  - java.vm.version=25.121-b13
  - line.separator=

  - os.arch=amd64
  - os.name=Windows 10
  - os.version=10.0
  - path.separator=;
  - project.home=D:\virtualenvs\ayni-sonarqube
  - scanner.home=D:\virtualenvs\ayni-sonarqube\sonar-scanner-3.0.3.778-windows\bin\..
  - sun.arch.data.model=64
  - sun.boot.class.path=D:\virtualenvs\ayni-sonarqube\sonar-scanner-3.0.3.778-windows\jre\lib\resources.jar;D:\virtualenvs\ayni-sonarqube\sonar-scanner-3.0.3.778-windows\jre\lib\rt.jar;D:\virtualenvs\ayni-sonarqube\sonar-scanner-3.0.3.778-windows\jre\lib\sunrsasign.jar;D:\virtualenvs\ayni-sonarqube\sonar-scanner-3.0.3.778-windows\jre\lib\jsse.jar;D:\virtualenvs\ayni-sonarqube\sonar-scanner-3.0.3.778-windows\jre\lib\jce.jar;D:\virtualenvs\ayni-sonarqube\sonar-scanner-3.0.3.778-windows\jre\lib\charsets.jar;D:\virtualenvs\ayni-sonarqube\sonar-scanner-3.0.3.778-windows\jre\lib\jfr.jar;D:\virtualenvs\ayni-sonarqube\sonar-scanner-3.0.3.778-windows\jre\classes
  - sun.boot.library.path=D:\virtualenvs\ayni-sonarqube\sonar-scanner-3.0.3.778-windows\jre\bin
  - sun.cpu.endian=little
  - sun.cpu.isalist=amd64
  - sun.desktop=windows
  - sun.io.unicode.encoding=UnicodeLittle
  - sun.java.command=org.sonarsource.scanner.cli.Main -X -Dsonar.projectKey=aynipy -Dsonar.sources=D:\virtualenvs\aynipy
  - sun.java.launcher=SUN_STANDARD
  - sun.jnu.encoding=Cp1252
  - sun.management.compiler=HotSpot 64-Bit Tiered Compilers
  - sun.os.patch.level=
  - sun.stderr.encoding=cp437
  - sun.stdout.encoding=cp437
  - user.country=US
  - user.dir=D:\virtualenvs\ayni-sonarqube
  - user.home=C:\Users\greg
  - user.language=en
  - user.name=greg
  - user.script=
  - user.timezone=America/Bogota
  - user.variant=
SonarQube plugins:
  - CVS 1.0 (scmcvs)
  - SVN 1.3 (scmsvn)
  - SonarPLSQL 2.9.1.1051 (plsql)
  - Billing 1.1.0.476 (billing)
  - SonarC# 6.4.0.3347 (csharp)
  - SonarJava 4.12.0.11033 (java)
  - Web 2.5.0.476 (web)
  - SonarXML 1.4.3.1027 (xml)
  - Flex 2.3 (flex)
  - SonarTS 1.0.0.340 (typescript)
  - VB.NET 3.0.3.346 (vbnet)
  - SonarSwift 2.1.0.1504 (swift)
  - GitHub 1.4.1.822 (github)
  - SonarCFamily 4.12.0.8799 (cpp)
  - SonarPython 1.8.0.1496 (python)
  - GitHub Authentication for SonarQube 1.3 (authgithub)
  - SonarRPG 2.1.0.736 (rpg)
  - Mercurial 1.1.1 (scmmercurial)
  - Google Analytics 1.1 (googleanalytics)
  - SonarPLI 1.6.0.1010 (pli)
  - SonarTSQL 1.0.1.2094 (tsql)
  - SonarJS 3.1.1.5128 (javascript)
  - SonarCOBOL 3.4.0.1932 (cobol)
  - Git 1.2 (scmgit)
  - SonarPHP 2.10.0.2087 (php)
  - ABAP 3.3 (abap)
  - SVG Badges 3.0.1 (status)
Global properties:
  - email.from=noreply@sonarcloud.io
  - email.prefix=[SonarCloud]
  - sonar.abap.license.secured=******
  - sonar.abap.licenseHash.secured=******
  - sonar.auth.github.allowUsersToSignUp=true
  - sonar.auth.github.enabled=true
  - sonar.cobol.licenseHash.secured=******
  - sonar.core.id=AVdllfqQ9IFRWI6U49y8
  - sonar.core.serverBaseURL=https://sonarcloud.io
  - sonar.core.startTime=2017-09-08T12:35:14+0200
  - sonar.cpd.cross_project=false
  - sonar.cpp.license.secured=******
  - sonar.cpp.licenseHash.secured=******
  - sonar.dbcleaner.daysBeforeDeletingClosedIssues=730
  - sonar.dbcleaner.weeksBeforeDeletingAllSnapshots=480
  - sonar.dbcleaner.weeksBeforeKeepingOnlyOneSnapshotByMonth=4
  - sonar.dbcleaner.weeksBeforeKeepingOnlyOneSnapshotByWeek=1
  - sonar.devcockpit.licenseHash.secured=******
  - sonar.google-analytics.account=UA-1880045-8
  - sonar.governance.licenseHash.secured=******
  - sonar.leak.period=30
  - sonar.lf.aboutText=<div class="boxed-group" style="border: none; border-radius: 3px;">
  <div class="boxed-group-inner clearfix" style="padding: 30px; border-radius: 3px; border: #e6e6e6 1px solid; background: #f3f3f3;">
    <div style="overflow: hidden; line-height: 1.5; font-size: 16px;">
      <p>
Analyze your open source and private projects on SonarCloud.
Select your <a href="https://about.sonarcloud.io">plan</a> and start improving. 
      </p>
    </div>
  </div>
</div>
  - sonar.lf.enableGravatar=true
  - sonar.lf.logoUrl=https://about.sonarcloud.io/images/SonarCloud-white-210px.png
  - sonar.lf.logoWidthPx=105
  - sonar.natural.licenseHash.secured=******
  - sonar.objc.license.secured=******
  - sonar.objc.licenseHash.secured=******
  - sonar.organizations.anyoneCanCreate=true
  - sonar.organizations.createPersonalOrg=true
  - sonar.pli.license.secured=******
  - sonar.pli.licenseHash.secured=******
  - sonar.plsql.file.suffixes=sql,tab,pkb
  - sonar.plsql.licenseHash.secured=******
  - sonar.report.licenseHash.secured=******
  - sonar.rpg.license.secured=******
  - sonar.rpg.licenseHash.secured=******
  - sonar.sqale.licenseHash.secured=******
  - sonar.swift.license.secured=******
  - sonar.swift.licenseHash.secured=******
  - sonar.tsql.file.suffixes=.tsql
  - sonar.tsql.license.secured=******
  - sonar.tsql.licenseHash.secured=******
  - sonar.vb.licenseHash.secured=******
  - sonar.vbnet.license.secured=******
  - sonar.vbnet.licenseHash.secured=******
  - sonar.views.licenseHash.secured=******
  - sonarsource.cobol.license.secured=******
  - sonarsource.plsql.license.secured=******
Settings for module: aynipy
  - sonar.host.url=https://sonarcloud.io
  - sonar.login=******
  - sonar.organization=ayllu
  - sonar.projectBaseDir=D:\virtualenvs\ayni-sonarqube
  - sonar.projectKey=aynipy
  - sonar.python.coverage.overallReportPath=Reports/unittest_coverage*.xml
  - sonar.sourceEncoding=windows-1252
  - sonar.sources=D:\virtualenvs\aynipy
  - sonar.verbose=true
  - sonar.working.directory=D:\virtualenvs\ayni-sonarqube\.scannerwork
